<?xml version="1.0" encoding="UTF-8"?>
<testsuite name="PlayWright Automation"
           tests="3"
           failures="0"
           errors="0"
           skipped="0"
           time="0.455">
    <properties></properties>



            <testcase
                name="homePageTitleTest"
                time="0.013"
                classname="com.TestClass.OpenTestClass">
            </testcase>
            <testcase
                name="homePageUrlTest"
                time="0.001"
                classname="com.TestClass.OpenTestClass">
            </testcase>
            <testcase
                name="doSearching"
                time="0.441"
                classname="com.TestClass.OpenTestClass">
            </testcase>
</testsuite>
