<?xml version="1.0" encoding="UTF-8"?>
<testsuite name="PlayWright Automation"
           tests="1"
           failures="1"
           errors="0"
           skipped="0"
           time="30.039">
    <properties></properties>

            <testcase
                name="loginPageNavigationTest"
                time="30.039"
                classname="com.TestClass.LoginPageTest">

            <failure type="com.microsoft.playwright.TimeoutError" message="Error {
  message=&apos;Timeout 30000ms exceeded.
=========================== logs ===========================
waiting for locator(&quot;a:text(&apos;Login&apos;)&quot;)
  locator resolved to &lt;a href=&quot;https://naveenautomationlabs.com/opencart/…&gt;Login&lt;/a&gt;
attempting click action
  waiting for element to be visible, enabled and stable
    element is not visible - waiting...
============================================================
  name=&apos;TimeoutError
  stack=&apos;TimeoutError: Timeout 30000ms exceeded.
=========================== logs ===========================
waiting for locator(&quot;a:text(&apos;Login&apos;)&quot;)
  locator resolved to &lt;a href=&quot;https://naveenautomationlabs.com/opencart/…&gt;Login&lt;/a&gt;
attempting click action
  waiting for element to be visible, enabled and stable
    element is not visible - waiting...
============================================================
    at ProgressController.run (C:\Users\RAMYAY~1\AppData\Local\Temp\playwright-java-13173805466556225690\package\lib\server\progress.js:88:26)
    at Frame.click (C:\Users\RAMYAY~1\AppData\Local\Temp\playwright-java-13173805466556225690\package\lib\server\frames.js:991:23)
    at FrameDispatcher.click (C:\Users\RAMYAY~1\AppData\Local\Temp\playwright-java-13173805466556225690\package\lib\server\dispatchers\frameDispatcher.js:149:30)
    at DispatcherConnection.dispatch (C:\Users\RAMYAY~1\AppData\Local\Temp\playwright-java-13173805466556225690\package\lib\server\dispatchers\dispatcher.js:312:46)
}">
                <![CDATA[com.microsoft.playwright.TimeoutError: Error {
  message='Timeout 30000ms exceeded.
=========================== logs ===========================
waiting for locator("a:text('Login')")
  locator resolved to <a href="https://naveenautomationlabs.com/opencart/…>Login</a>
attempting click action
  waiting for element to be visible, enabled and stable
    element is not visible - waiting...
============================================================
  name='TimeoutError
  stack='TimeoutError: Timeout 30000ms exceeded.
=========================== logs ===========================
waiting for locator("a:text('Login')")
  locator resolved to <a href="https://naveenautomationlabs.com/opencart/…>Login</a>
attempting click action
  waiting for element to be visible, enabled and stable
    element is not visible - waiting...
============================================================
    at ProgressController.run (C:\Users\RAMYAY~1\AppData\Local\Temp\playwright-java-13173805466556225690\package\lib\server\progress.js:88:26)
    at Frame.click (C:\Users\RAMYAY~1\AppData\Local\Temp\playwright-java-13173805466556225690\package\lib\server\frames.js:991:23)
    at FrameDispatcher.click (C:\Users\RAMYAY~1\AppData\Local\Temp\playwright-java-13173805466556225690\package\lib\server\dispatchers\frameDispatcher.js:149:30)
    at DispatcherConnection.dispatch (C:\Users\RAMYAY~1\AppData\Local\Temp\playwright-java-13173805466556225690\package\lib\server\dispatchers\dispatcher.js:312:46)
}
                com.microsoft.playwright.impl.WaitableResult.get(WaitableResult.java:52)com.microsoft.playwright.impl.ChannelOwner.runUntil(ChannelOwner.java:111)com.microsoft.playwright.impl.Connection.sendMessage(Connection.java:126)com.microsoft.playwright.impl.ChannelOwner.sendMessage(ChannelOwner.java:102)com.microsoft.playwright.impl.FrameImpl.clickImpl(FrameImpl.java:252)com.microsoft.playwright.impl.PageImpl.lambda$click$17(PageImpl.java:603)com.microsoft.playwright.impl.LoggingSupport.lambda$withLogging$0(LoggingSupport.java:36)com.microsoft.playwright.impl.LoggingSupport.withLogging(LoggingSupport.java:47)com.microsoft.playwright.impl.ChannelOwner.withLogging(ChannelOwner.java:87)com.microsoft.playwright.impl.LoggingSupport.withLogging(LoggingSupport.java:35)com.microsoft.playwright.impl.PageImpl.click(PageImpl.java:602)com.microsoft.playwright.Page.click(Page.java:3683)com.OpenCart.HomePage.navigateToLoginPage(HomePage.java:42)com.TestClass.LoginPageTest.loginPageNavigationTest(LoginPageTest.java:15)java.base/jdk.internal.reflect.NativeMethodAccessorImpl.invoke0(Native Method)java.base/jdk.internal.reflect.NativeMethodAccessorImpl.invoke(NativeMethodAccessorImpl.java:62)java.base/jdk.internal.reflect.DelegatingMethodAccessorImpl.invoke(DelegatingMethodAccessorImpl.java:43)java.base/java.lang.reflect.Method.invoke(Method.java:566)org.testng.internal.invokers.MethodInvocationHelper.invokeMethod(MethodInvocationHelper.java:135)org.testng.internal.invokers.TestInvoker.invokeMethod(TestInvoker.java:673)org.testng.internal.invokers.TestInvoker.invokeTestMethod(TestInvoker.java:220)org.testng.internal.invokers.MethodRunner.runInSequence(MethodRunner.java:50)org.testng.internal.invokers.TestInvoker$MethodInvocationAgent.invoke(TestInvoker.java:945)org.testng.internal.invokers.TestInvoker.invokeTestMethods(TestInvoker.java:193)org.testng.internal.invokers.TestMethodWorker.invokeTestMethods(TestMethodWorker.java:146)org.testng.internal.invokers.TestMethodWorker.run(TestMethodWorker.java:128)java.base/java.util.ArrayList.forEach(ArrayList.java:1541)org.testng.TestRunner.privateRun(TestRunner.java:808)org.testng.TestRunner.run(TestRunner.java:603)org.testng.SuiteRunner.runTest(SuiteRunner.java:429)org.testng.SuiteRunner.runSequentially(SuiteRunner.java:423)org.testng.SuiteRunner.privateRun(SuiteRunner.java:383)org.testng.SuiteRunner.run(SuiteRunner.java:326)org.testng.SuiteRunnerWorker.runSuite(SuiteRunnerWorker.java:52)org.testng.SuiteRunnerWorker.run(SuiteRunnerWorker.java:95)org.testng.TestNG.runSuitesSequentially(TestNG.java:1249)org.testng.TestNG.runSuitesLocally(TestNG.java:1169)org.testng.TestNG.runSuites(TestNG.java:1092)org.testng.TestNG.run(TestNG.java:1060)com.intellij.rt.testng.IDEARemoteTestNG.run(IDEARemoteTestNG.java:66)com.intellij.rt.testng.RemoteTestNGStarter.main(RemoteTestNGStarter.java:109)
                    Caused by: com.microsoft.playwright.TimeoutError: Error {
  message='Timeout 30000ms exceeded.
=========================== logs ===========================
waiting for locator("a:text('Login')")
  locator resolved to <a href="https://naveenautomationlabs.com/opencart/…>Login</a>
attempting click action
  waiting for element to be visible, enabled and stable
    element is not visible - waiting...
============================================================
  name='TimeoutError
  stack='TimeoutError: Timeout 30000ms exceeded.
=========================== logs ===========================
waiting for locator("a:text('Login')")
  locator resolved to <a href="https://naveenautomationlabs.com/opencart/…>Login</a>
attempting click action
  waiting for element to be visible, enabled and stable
    element is not visible - waiting...
============================================================
    at ProgressController.run (C:\Users\RAMYAY~1\AppData\Local\Temp\playwright-java-13173805466556225690\package\lib\server\progress.js:88:26)
    at Frame.click (C:\Users\RAMYAY~1\AppData\Local\Temp\playwright-java-13173805466556225690\package\lib\server\frames.js:991:23)
    at FrameDispatcher.click (C:\Users\RAMYAY~1\AppData\Local\Temp\playwright-java-13173805466556225690\package\lib\server\dispatchers\frameDispatcher.js:149:30)
    at DispatcherConnection.dispatch (C:\Users\RAMYAY~1\AppData\Local\Temp\playwright-java-13173805466556225690\package\lib\server\dispatchers\dispatcher.js:312:46)
}
                    com.microsoft.playwright.impl.Connection.dispatch(Connection.java:224)com.microsoft.playwright.impl.Connection.processOneMessage(Connection.java:206)com.microsoft.playwright.impl.ChannelOwner.runUntil(ChannelOwner.java:109)com.microsoft.playwright.impl.Connection.sendMessage(Connection.java:126)com.microsoft.playwright.impl.ChannelOwner.sendMessage(ChannelOwner.java:102)com.microsoft.playwright.impl.FrameImpl.clickImpl(FrameImpl.java:252)com.microsoft.playwright.impl.PageImpl.lambda$click$17(PageImpl.java:603)com.microsoft.playwright.impl.LoggingSupport.lambda$withLogging$0(LoggingSupport.java:36)com.microsoft.playwright.impl.LoggingSupport.withLogging(LoggingSupport.java:47)com.microsoft.playwright.impl.ChannelOwner.withLogging(ChannelOwner.java:87)com.microsoft.playwright.impl.LoggingSupport.withLogging(LoggingSupport.java:35)com.microsoft.playwright.impl.PageImpl.click(PageImpl.java:602)com.microsoft.playwright.Page.click(Page.java:3683)com.OpenCart.HomePage.navigateToLoginPage(HomePage.java:42)com.TestClass.LoginPageTest.loginPageNavigationTest(LoginPageTest.java:15)java.base/jdk.internal.reflect.NativeMethodAccessorImpl.invoke0(Native Method)java.base/jdk.internal.reflect.NativeMethodAccessorImpl.invoke(NativeMethodAccessorImpl.java:62)java.base/jdk.internal.reflect.DelegatingMethodAccessorImpl.invoke(DelegatingMethodAccessorImpl.java:43)java.base/java.lang.reflect.Method.invoke(Method.java:566)org.testng.internal.invokers.MethodInvocationHelper.invokeMethod(MethodInvocationHelper.java:135)org.testng.internal.invokers.TestInvoker.invokeMethod(TestInvoker.java:673)org.testng.internal.invokers.TestInvoker.invokeTestMethod(TestInvoker.java:220)org.testng.internal.invokers.MethodRunner.runInSequence(MethodRunner.java:50)org.testng.internal.invokers.TestInvoker$MethodInvocationAgent.invoke(TestInvoker.java:945)org.testng.internal.invokers.TestInvoker.invokeTestMethods(TestInvoker.java:193)org.testng.internal.invokers.TestMethodWorker.invokeTestMethods(TestMethodWorker.java:146)org.testng.internal.invokers.TestMethodWorker.run(TestMethodWorker.java:128)java.base/java.util.ArrayList.forEach(ArrayList.java:1541)org.testng.TestRunner.privateRun(TestRunner.java:808)org.testng.TestRunner.run(TestRunner.java:603)org.testng.SuiteRunner.runTest(SuiteRunner.java:429)org.testng.SuiteRunner.runSequentially(SuiteRunner.java:423)org.testng.SuiteRunner.privateRun(SuiteRunner.java:383)org.testng.SuiteRunner.run(SuiteRunner.java:326)org.testng.SuiteRunnerWorker.runSuite(SuiteRunnerWorker.java:52)org.testng.SuiteRunnerWorker.run(SuiteRunnerWorker.java:95)org.testng.TestNG.runSuitesSequentially(TestNG.java:1249)org.testng.TestNG.runSuitesLocally(TestNG.java:1169)org.testng.TestNG.runSuites(TestNG.java:1092)org.testng.TestNG.run(TestNG.java:1060)com.intellij.rt.testng.IDEARemoteTestNG.run(IDEARemoteTestNG.java:66)com.intellij.rt.testng.RemoteTestNGStarter.main(RemoteTestNGStarter.java:109)
                ]]>
            </failure>
    </testcase>


</testsuite>
